<?xml version="1.0" encoding="UTF-8"?>
<testsuite xmlns:xsi="http://www.w3.org/2001/XMLSchema-instance" xsi:noNamespaceSchemaLocation="https://maven.apache.org/surefire/maven-surefire-plugin/xsd/surefire-test-report.xsd" name="ru.netology.ProductRepositoryAndManagerTest" time="0.088" tests="7" errors="0" skipped="0" failures="0">
  <properties>
[...]
</properties>
  <testcase name="removeOneSmartphone" classname="ru.netology.ProductRepositoryAndManagerTest" time="0.053"/>
  <testcase name="getAllProducts" classname="ru.netology.ProductRepositoryAndManagerTest" time="0"/>
  <testcase name="getAllSmartphones" classname="ru.netology.ProductRepositoryAndManagerTest" time="0.002"/>
  <testcase name="getAllBooks" classname="ru.netology.ProductRepositoryAndManagerTest" time="0.002"/>
  <testcase name="removeOneBook" classname="ru.netology.ProductRepositoryAndManagerTest" time="0.001"/>
  <testcase name="searchOneBook" classname="ru.netology.ProductRepositoryAndManagerTest" time="0.001"/>
  <testcase name="removeOneProduct" classname="ru.netology.ProductRepositoryAndManagerTest" time="0.001"/>
</testsuite>